ARM GAS  /tmp/ccH8Ne3q.s 			page 1


   1              		.syntax unified
   2              		.cpu cortex-m4
   3              		.eabi_attribute 27, 3
   4              		.fpu fpv4-sp-d16
   5              		.eabi_attribute 20, 1
   6              		.eabi_attribute 21, 1
   7              		.eabi_attribute 23, 3
   8              		.eabi_attribute 24, 1
   9              		.eabi_attribute 25, 1
  10              		.eabi_attribute 26, 1
  11              		.eabi_attribute 30, 2
  12              		.eabi_attribute 34, 1
  13              		.eabi_attribute 18, 4
  14              		.thumb
  15              		.file	"crt0.c"
  16              		.text
  17              	.Ltext0:
  18              		.cfi_sections	.debug_frame
  19              		.section	.text.__early_init,"ax",%progbits
  20              		.align	2
  21              		.p2align 4,,15
  22              		.weak	__early_init
  23              		.thumb
  24              		.thumb_func
  25              		.type	__early_init, %function
  26              	__early_init:
  27              	.LFB0:
  28              		.file 1 "../ChibiOS-RT-Community/os/ports/GCC/ARMCMx/crt0.c"
  29              		.loc 1 227 0
  30              		.cfi_startproc
  31              		@ args = 0, pretend = 0, frame = 0
  32              		@ frame_needed = 0, uses_anonymous_args = 0
  33              		@ link register save eliminated.
  34 0000 7047     		bx	lr
  35              		.cfi_endproc
  36              	.LFE0:
  37              		.size	__early_init, .-__early_init
  38 0002 00BFAFF3 		.section	.text.__late_init,"ax",%progbits
  38      0080AFF3 
  38      0080AFF3 
  38      0080
  39              		.align	2
  40              		.p2align 4,,15
  41              		.weak	__late_init
  42              		.thumb
  43              		.thumb_func
  44              		.type	__late_init, %function
  45              	__late_init:
  46              	.LFB1:
  47              		.loc 1 239 0
  48              		.cfi_startproc
  49              		@ args = 0, pretend = 0, frame = 0
  50              		@ frame_needed = 0, uses_anonymous_args = 0
  51              		@ link register save eliminated.
  52 0000 7047     		bx	lr
  53              		.cfi_endproc
  54              	.LFE1:
ARM GAS  /tmp/ccH8Ne3q.s 			page 2


  55              		.size	__late_init, .-__late_init
  56 0002 00BFAFF3 		.section	.text._default_exit,"ax",%progbits
  56      0080AFF3 
  56      0080AFF3 
  56      0080
  57              		.align	2
  58              		.p2align 4,,15
  59              		.weak	_default_exit
  60              		.thumb
  61              		.thumb_func
  62              		.type	_default_exit, %function
  63              	_default_exit:
  64              	.LFB2:
  65              		.loc 1 250 0
  66              		.cfi_startproc
  67              		@ Naked Function: prologue and epilogue provided by programmer.
  68              		@ args = 0, pretend = 0, frame = 0
  69              		@ frame_needed = 0, uses_anonymous_args = 0
  70              	.L4:
  71 0000 FEE7     		b	.L4
  72              		.cfi_endproc
  73              	.LFE2:
  74              		.size	_default_exit, .-_default_exit
  75 0002 00BFAFF3 		.section	.text.ResetHandler,"ax",%progbits
  75      0080AFF3 
  75      0080AFF3 
  75      0080
  76              		.align	2
  77              		.p2align 4,,15
  78              		.global	ResetHandler
  79              		.thumb
  80              		.thumb_func
  81              		.type	ResetHandler, %function
  82              	ResetHandler:
  83              	.LFB3:
  84              		.loc 1 261 0
  85              		.cfi_startproc
  86              		@ Naked Function: prologue and epilogue provided by programmer.
  87              		@ args = 0, pretend = 0, frame = 0
  88              		@ frame_needed = 0, uses_anonymous_args = 0
  89              		.loc 1 267 0
  90              	@ 267 "../ChibiOS-RT-Community/os/ports/GCC/ARMCMx/crt0.c" 1
  91 0000 72B6     		cpsid   i
  92              	@ 0 "" 2
  93              		.loc 1 268 0
  94              		.thumb
  95 0002 3448     		ldr	r0, .L24
  96              	.LVL0:
  97              		.loc 1 269 0
  98              	@ 269 "../ChibiOS-RT-Community/os/ports/GCC/ARMCMx/crt0.c" 1
  99 0004 80F30988 		msr     PSP, r0
 100              	@ 0 "" 2
 101              		.loc 1 276 0
 102              		.thumb
 103 0008 334B     		ldr	r3, .L24+4
 104              		.loc 1 273 0
 105 000a 3449     		ldr	r1, .L24+8
ARM GAS  /tmp/ccH8Ne3q.s 			page 3


 106              		.loc 1 276 0
 107 000c 1A68     		ldr	r2, [r3]
 108              		.loc 1 273 0
 109 000e 4FF04044 		mov	r4, #-1073741824
 110              		.loc 1 276 0
 111 0012 42F47002 		orr	r2, r2, #15728640
 112 0016 1A60     		str	r2, [r3]
 113              	.LVL1:
 114              		.loc 1 273 0
 115 0018 0C60     		str	r4, [r1]
 116              		.loc 1 280 0
 117 001a 0023     		movs	r3, #0
 118              	@ 280 "../ChibiOS-RT-Community/os/ports/GCC/ARMCMx/crt0.c" 1
 119 001c E1EE103A 		vmsr    FPSCR, r3
 120              	@ 0 "" 2
 121              		.loc 1 281 0
 122              		.thumb
 123 0020 2F4B     		ldr	r3, .L24+12
 124 0022 0022     		movs	r2, #0
 125 0024 1A60     		str	r2, [r3]
 126              	.LVL2:
 127              		.loc 1 289 0
 128 0026 0623     		movs	r3, #6
 129              	@ 289 "../ChibiOS-RT-Community/os/ports/GCC/ARMCMx/crt0.c" 1
 130 0028 83F31488 		msr     CONTROL, r3
 131              	@ 0 "" 2
 132              		.loc 1 290 0
 133              	@ 290 "../ChibiOS-RT-Community/os/ports/GCC/ARMCMx/crt0.c" 1
 134 002c BFF36F8F 		isb
 135              	@ 0 "" 2
 136              	.LVL3:
 137              		.thumb
 138              	.LBB2:
 139              		.loc 1 294 0
 140 0030 2C4B     		ldr	r3, .L24+16
 141 0032 2D4A     		ldr	r2, .L24+20
 142 0034 9342     		cmp	r3, r2
 143 0036 0BD2     		bcs	.L9
 144 0038 D943     		mvns	r1, r3
 145 003a 1144     		add	r1, r1, r2
 146 003c 21F00301 		bic	r1, r1, #3
 147 0040 1944     		add	r1, r1, r3
 148 0042 4FF05532 		mov	r2, #1431655765
 149 0046 043B     		subs	r3, r3, #4
 150              	.LVL4:
 151              	.L10:
 152              		.loc 1 294 0 is_stmt 0 discriminator 2
 153 0048 43F8042F 		str	r2, [r3, #4]!
 154              	.LVL5:
 155 004c 8B42     		cmp	r3, r1
 156 004e FBD1     		bne	.L10
 157              	.LVL6:
 158              	.L9:
 159              	.LBE2:
 160              	.LBB3:
 161              		.loc 1 297 0 is_stmt 1
 162 0050 264B     		ldr	r3, .L24+24
ARM GAS  /tmp/ccH8Ne3q.s 			page 4


 163 0052 8342     		cmp	r3, r0
 164 0054 0CD2     		bcs	.L8
 165 0056 2649     		ldr	r1, .L24+28
 166 0058 1A1D     		adds	r2, r3, #4
 167 005a 891A     		subs	r1, r1, r2
 168 005c 21F00301 		bic	r1, r1, #3
 169 0060 1944     		add	r1, r1, r3
 170 0062 4FF05532 		mov	r2, #1431655765
 171 0066 043B     		subs	r3, r3, #4
 172              	.LVL7:
 173              	.L13:
 174              		.loc 1 297 0 is_stmt 0 discriminator 2
 175 0068 43F8042F 		str	r2, [r3, #4]!
 176              	.LVL8:
 177 006c 8B42     		cmp	r3, r1
 178 006e FBD1     		bne	.L13
 179              	.LVL9:
 180              	.L8:
 181              	.LBE3:
 182              		.loc 1 303 0 is_stmt 1
 183 0070 FFF7FEFF 		bl	__early_init
 184              	.LVL10:
 185              	.LBB4:
 186              		.loc 1 312 0
 187 0074 1F48     		ldr	r0, .L24+32
 188 0076 204B     		ldr	r3, .L24+36
 189 0078 9842     		cmp	r0, r3
 190 007a 07D2     		bcs	.L12
 191              		.loc 1 313 0
 192 007c C243     		mvns	r2, r0
 193 007e 1344     		add	r3, r3, r2
 194 0080 23F00302 		bic	r2, r3, #3
 195 0084 0432     		adds	r2, r2, #4
 196 0086 1D49     		ldr	r1, .L24+40
 197 0088 FFF7FEFF 		bl	memcpy
 198              	.LVL11:
 199              	.L12:
 200              	.LBE4:
 201              	.LBB5:
 202              		.loc 1 319 0
 203 008c 1C48     		ldr	r0, .L24+44
 204 008e 1D4B     		ldr	r3, .L24+48
 205 0090 9842     		cmp	r0, r3
 206 0092 07D2     		bcs	.L15
 207 0094 C243     		mvns	r2, r0
 208 0096 1344     		add	r3, r3, r2
 209 0098 23F00302 		bic	r2, r3, #3
 210 009c 0432     		adds	r2, r2, #4
 211 009e 0021     		movs	r1, #0
 212 00a0 FFF7FEFF 		bl	memset
 213              	.LVL12:
 214              	.L15:
 215              	.LBE5:
 216              	.LBB6:
 217              		.loc 1 329 0
 218 00a4 184D     		ldr	r5, .L24+52
 219 00a6 194C     		ldr	r4, .L24+56
ARM GAS  /tmp/ccH8Ne3q.s 			page 5


 220              	.LBE6:
 221              		.loc 1 323 0
 222 00a8 FFF7FEFF 		bl	__late_init
 223              	.LVL13:
 224              	.LBB7:
 225              		.loc 1 329 0
 226 00ac AC42     		cmp	r4, r5
 227 00ae 04D2     		bcs	.L17
 228              	.LVL14:
 229              	.L20:
 230              		.loc 1 330 0
 231 00b0 54F8043B 		ldr	r3, [r4], #4
 232              	.LVL15:
 233 00b4 9847     		blx	r3
 234              	.LVL16:
 235              		.loc 1 329 0
 236 00b6 AC42     		cmp	r4, r5
 237 00b8 FAD3     		bcc	.L20
 238              	.LVL17:
 239              	.L17:
 240              	.LBE7:
 241              	.LBB8:
 242              		.loc 1 343 0
 243 00ba 154D     		ldr	r5, .L24+60
 244 00bc 154C     		ldr	r4, .L24+64
 245              	.LBE8:
 246              		.loc 1 337 0
 247 00be FFF7FEFF 		bl	main
 248              	.LVL18:
 249              	.LBB9:
 250              		.loc 1 343 0
 251 00c2 AC42     		cmp	r4, r5
 252 00c4 04D2     		bcs	.L19
 253              	.LVL19:
 254              	.L21:
 255              		.loc 1 344 0
 256 00c6 54F8043B 		ldr	r3, [r4], #4
 257              	.LVL20:
 258 00ca 9847     		blx	r3
 259              	.LVL21:
 260              		.loc 1 343 0
 261 00cc AC42     		cmp	r4, r5
 262 00ce FAD3     		bcc	.L21
 263              	.LVL22:
 264              	.L19:
 265              	.LBE9:
 266              		.loc 1 351 0
 267 00d0 FFF7FEFF 		bl	_default_exit
 268              	.LVL23:
 269              		.loc 1 352 0
 270              	.L25:
 271              		.align	2
 272              	.L24:
 273 00d4 00000000 		.word	__process_stack_end__
 274 00d8 88ED00E0 		.word	-536810104
 275 00dc 34EF00E0 		.word	-536809676
 276 00e0 3CEF00E0 		.word	-536809668
ARM GAS  /tmp/ccH8Ne3q.s 			page 6


 277 00e4 00000000 		.word	__main_stack_base__
 278 00e8 00000000 		.word	__main_stack_end__
 279 00ec 00000000 		.word	__process_stack_base__
 280 00f0 03000000 		.word	__process_stack_end__+3
 281 00f4 00000000 		.word	_data
 282 00f8 00000000 		.word	_edata
 283 00fc 00000000 		.word	_textdata
 284 0100 00000000 		.word	_bss_start
 285 0104 00000000 		.word	_bss_end
 286 0108 00000000 		.word	__init_array_end
 287 010c 00000000 		.word	__init_array_start
 288 0110 00000000 		.word	__fini_array_end
 289 0114 00000000 		.word	__fini_array_start
 290              		.cfi_endproc
 291              	.LFE3:
 292              		.size	ResetHandler, .-ResetHandler
 293 0118 AFF30080 		.text
 293      AFF30080 
 294              	.Letext0:
 295              		.file 2 "/home/master/workspace/toolchain/gcc-arm-none-eabi-4_8-2014q1/arm-none-eabi/include/machi
 296              		.file 3 "/home/master/workspace/toolchain/gcc-arm-none-eabi-4_8-2014q1/arm-none-eabi/include/stdin
 297              		.section	.debug_info,"",%progbits
 298              	.Ldebug_info0:
 299 0000 0F030000 		.4byte	0x30f
 300 0004 0400     		.2byte	0x4
 301 0006 00000000 		.4byte	.Ldebug_abbrev0
 302 000a 04       		.byte	0x4
 303 000b 01       		.uleb128 0x1
 304 000c 26000000 		.4byte	.LASF34
 305 0010 01       		.byte	0x1
 306 0011 07030000 		.4byte	.LASF35
 307 0015 58010000 		.4byte	.LASF36
 308 0019 30000000 		.4byte	.Ldebug_ranges0+0x30
 309 001d 00000000 		.4byte	0
 310 0021 00000000 		.4byte	.Ldebug_line0
 311 0025 02       		.uleb128 0x2
 312 0026 01       		.byte	0x1
 313 0027 06       		.byte	0x6
 314 0028 E5020000 		.4byte	.LASF0
 315 002c 03       		.uleb128 0x3
 316 002d 0B000000 		.4byte	.LASF5
 317 0031 02       		.byte	0x2
 318 0032 1C       		.byte	0x1c
 319 0033 37000000 		.4byte	0x37
 320 0037 02       		.uleb128 0x2
 321 0038 01       		.byte	0x1
 322 0039 08       		.byte	0x8
 323 003a 9C010000 		.4byte	.LASF1
 324 003e 02       		.uleb128 0x2
 325 003f 02       		.byte	0x2
 326 0040 05       		.byte	0x5
 327 0041 BB020000 		.4byte	.LASF2
 328 0045 02       		.uleb128 0x2
 329 0046 02       		.byte	0x2
 330 0047 07       		.byte	0x7
 331 0048 D5010000 		.4byte	.LASF3
 332 004c 02       		.uleb128 0x2
ARM GAS  /tmp/ccH8Ne3q.s 			page 7


 333 004d 04       		.byte	0x4
 334 004e 05       		.byte	0x5
 335 004f D6020000 		.4byte	.LASF4
 336 0053 03       		.uleb128 0x3
 337 0054 1C020000 		.4byte	.LASF6
 338 0058 02       		.byte	0x2
 339 0059 38       		.byte	0x38
 340 005a 5E000000 		.4byte	0x5e
 341 005e 02       		.uleb128 0x2
 342 005f 04       		.byte	0x4
 343 0060 07       		.byte	0x7
 344 0061 B6010000 		.4byte	.LASF7
 345 0065 02       		.uleb128 0x2
 346 0066 08       		.byte	0x8
 347 0067 05       		.byte	0x5
 348 0068 8B020000 		.4byte	.LASF8
 349 006c 02       		.uleb128 0x2
 350 006d 08       		.byte	0x8
 351 006e 07       		.byte	0x7
 352 006f 4C020000 		.4byte	.LASF9
 353 0073 04       		.uleb128 0x4
 354 0074 04       		.byte	0x4
 355 0075 05       		.byte	0x5
 356 0076 696E7400 		.ascii	"int\000"
 357 007a 02       		.uleb128 0x2
 358 007b 04       		.byte	0x4
 359 007c 07       		.byte	0x7
 360 007d 2C020000 		.4byte	.LASF10
 361 0081 03       		.uleb128 0x3
 362 0082 63020000 		.4byte	.LASF11
 363 0086 03       		.byte	0x3
 364 0087 2A       		.byte	0x2a
 365 0088 2C000000 		.4byte	0x2c
 366 008c 03       		.uleb128 0x3
 367 008d CD020000 		.4byte	.LASF12
 368 0091 03       		.byte	0x3
 369 0092 42       		.byte	0x42
 370 0093 53000000 		.4byte	0x53
 371 0097 03       		.uleb128 0x3
 372 0098 C5020000 		.4byte	.LASF13
 373 009c 01       		.byte	0x1
 374 009d 2D       		.byte	0x2d
 375 009e A2000000 		.4byte	0xa2
 376 00a2 05       		.uleb128 0x5
 377 00a3 04       		.byte	0x4
 378 00a4 A8000000 		.4byte	0xa8
 379 00a8 06       		.uleb128 0x6
 380 00a9 03       		.uleb128 0x3
 381 00aa 85010000 		.4byte	.LASF14
 382 00ae 01       		.byte	0x1
 383 00af 2E       		.byte	0x2e
 384 00b0 B4000000 		.4byte	0xb4
 385 00b4 05       		.uleb128 0x5
 386 00b5 04       		.byte	0x4
 387 00b6 97000000 		.4byte	0x97
 388 00ba 07       		.uleb128 0x7
 389 00bb 75020000 		.4byte	.LASF15
ARM GAS  /tmp/ccH8Ne3q.s 			page 8


 390 00bf 01       		.byte	0x1
 391 00c0 E3       		.byte	0xe3
 392 00c1 00000000 		.4byte	.LFB0
 393 00c5 02000000 		.4byte	.LFE0-.LFB0
 394 00c9 01       		.uleb128 0x1
 395 00ca 9C       		.byte	0x9c
 396 00cb 07       		.uleb128 0x7
 397 00cc AA010000 		.4byte	.LASF16
 398 00d0 01       		.byte	0x1
 399 00d1 EF       		.byte	0xef
 400 00d2 00000000 		.4byte	.LFB1
 401 00d6 02000000 		.4byte	.LFE1-.LFB1
 402 00da 01       		.uleb128 0x1
 403 00db 9C       		.byte	0x9c
 404 00dc 07       		.uleb128 0x7
 405 00dd 8E010000 		.4byte	.LASF17
 406 00e1 01       		.byte	0x1
 407 00e2 FA       		.byte	0xfa
 408 00e3 00000000 		.4byte	.LFB2
 409 00e7 02000000 		.4byte	.LFE2-.LFB2
 410 00eb 01       		.uleb128 0x1
 411 00ec 9C       		.byte	0x9c
 412 00ed 08       		.uleb128 0x8
 413 00ee C8010000 		.4byte	.LASF37
 414 00f2 01       		.byte	0x1
 415 00f3 0501     		.2byte	0x105
 416 00f5 00000000 		.4byte	.LFB3
 417 00f9 18010000 		.4byte	.LFE3-.LFB3
 418 00fd 01       		.uleb128 0x1
 419 00fe 9C       		.byte	0x9c
 420 00ff 2C020000 		.4byte	0x22c
 421 0103 09       		.uleb128 0x9
 422 0104 70737000 		.ascii	"psp\000"
 423 0108 01       		.byte	0x1
 424 0109 0601     		.2byte	0x106
 425 010b 8C000000 		.4byte	0x8c
 426 010f 0A       		.uleb128 0xa
 427 0110 72656700 		.ascii	"reg\000"
 428 0114 01       		.byte	0x1
 429 0115 0601     		.2byte	0x106
 430 0117 8C000000 		.4byte	0x8c
 431 011b 00000000 		.4byte	.LLST0
 432 011f 0B       		.uleb128 0xb
 433 0120 30000000 		.4byte	.LBB2
 434 0124 20000000 		.4byte	.LBE2-.LBB2
 435 0128 47010000 		.4byte	0x147
 436 012c 0A       		.uleb128 0xa
 437 012d 703100   		.ascii	"p1\000"
 438 0130 01       		.byte	0x1
 439 0131 2601     		.2byte	0x126
 440 0133 2C020000 		.4byte	0x22c
 441 0137 20000000 		.4byte	.LLST1
 442 013b 09       		.uleb128 0x9
 443 013c 703200   		.ascii	"p2\000"
 444 013f 01       		.byte	0x1
 445 0140 2601     		.2byte	0x126
 446 0142 2C020000 		.4byte	0x22c
ARM GAS  /tmp/ccH8Ne3q.s 			page 9


 447 0146 00       		.byte	0
 448 0147 0B       		.uleb128 0xb
 449 0148 50000000 		.4byte	.LBB3
 450 014c 20000000 		.4byte	.LBE3-.LBB3
 451 0150 6F010000 		.4byte	0x16f
 452 0154 0A       		.uleb128 0xa
 453 0155 703100   		.ascii	"p1\000"
 454 0158 01       		.byte	0x1
 455 0159 2901     		.2byte	0x129
 456 015b 2C020000 		.4byte	0x22c
 457 015f 42000000 		.4byte	.LLST2
 458 0163 09       		.uleb128 0x9
 459 0164 703200   		.ascii	"p2\000"
 460 0167 01       		.byte	0x1
 461 0168 2901     		.2byte	0x129
 462 016a 2C020000 		.4byte	0x22c
 463 016e 00       		.byte	0
 464 016f 0B       		.uleb128 0xb
 465 0170 74000000 		.4byte	.LBB4
 466 0174 18000000 		.4byte	.LBE4-.LBB4
 467 0178 93010000 		.4byte	0x193
 468 017c 09       		.uleb128 0x9
 469 017d 747000   		.ascii	"tp\000"
 470 0180 01       		.byte	0x1
 471 0181 3401     		.2byte	0x134
 472 0183 2C020000 		.4byte	0x22c
 473 0187 09       		.uleb128 0x9
 474 0188 647000   		.ascii	"dp\000"
 475 018b 01       		.byte	0x1
 476 018c 3401     		.2byte	0x134
 477 018e 2C020000 		.4byte	0x22c
 478 0192 00       		.byte	0
 479 0193 0B       		.uleb128 0xb
 480 0194 8C000000 		.4byte	.LBB5
 481 0198 18000000 		.4byte	.LBE5-.LBB5
 482 019c B7010000 		.4byte	0x1b7
 483 01a0 09       		.uleb128 0x9
 484 01a1 703100   		.ascii	"p1\000"
 485 01a4 01       		.byte	0x1
 486 01a5 3F01     		.2byte	0x13f
 487 01a7 2C020000 		.4byte	0x22c
 488 01ab 09       		.uleb128 0x9
 489 01ac 703200   		.ascii	"p2\000"
 490 01af 01       		.byte	0x1
 491 01b0 3F01     		.2byte	0x13f
 492 01b2 2C020000 		.4byte	0x22c
 493 01b6 00       		.byte	0
 494 01b7 0C       		.uleb128 0xc
 495 01b8 00000000 		.4byte	.Ldebug_ranges0+0
 496 01bc D1010000 		.4byte	0x1d1
 497 01c0 0A       		.uleb128 0xa
 498 01c1 66707000 		.ascii	"fpp\000"
 499 01c5 01       		.byte	0x1
 500 01c6 4801     		.2byte	0x148
 501 01c8 A9000000 		.4byte	0xa9
 502 01cc 64000000 		.4byte	.LLST3
 503 01d0 00       		.byte	0
ARM GAS  /tmp/ccH8Ne3q.s 			page 10


 504 01d1 0C       		.uleb128 0xc
 505 01d2 18000000 		.4byte	.Ldebug_ranges0+0x18
 506 01d6 EB010000 		.4byte	0x1eb
 507 01da 0A       		.uleb128 0xa
 508 01db 66707000 		.ascii	"fpp\000"
 509 01df 01       		.byte	0x1
 510 01e0 5601     		.2byte	0x156
 511 01e2 A9000000 		.4byte	0xa9
 512 01e6 8F000000 		.4byte	.LLST4
 513 01ea 00       		.byte	0
 514 01eb 0D       		.uleb128 0xd
 515 01ec 74000000 		.4byte	.LVL10
 516 01f0 BA000000 		.4byte	0xba
 517 01f4 0D       		.uleb128 0xd
 518 01f5 8C000000 		.4byte	.LVL11
 519 01f9 C1020000 		.4byte	0x2c1
 520 01fd 0E       		.uleb128 0xe
 521 01fe A4000000 		.4byte	.LVL12
 522 0202 EE020000 		.4byte	0x2ee
 523 0206 10020000 		.4byte	0x210
 524 020a 0F       		.uleb128 0xf
 525 020b 01       		.uleb128 0x1
 526 020c 51       		.byte	0x51
 527 020d 01       		.uleb128 0x1
 528 020e 30       		.byte	0x30
 529 020f 00       		.byte	0
 530 0210 0D       		.uleb128 0xd
 531 0211 AC000000 		.4byte	.LVL13
 532 0215 CB000000 		.4byte	0xcb
 533 0219 0D       		.uleb128 0xd
 534 021a C2000000 		.4byte	.LVL18
 535 021e 0B030000 		.4byte	0x30b
 536 0222 0D       		.uleb128 0xd
 537 0223 D4000000 		.4byte	.LVL23
 538 0227 DC000000 		.4byte	0xdc
 539 022b 00       		.byte	0
 540 022c 05       		.uleb128 0x5
 541 022d 04       		.byte	0x4
 542 022e 8C000000 		.4byte	0x8c
 543 0232 10       		.uleb128 0x10
 544 0233 A7020000 		.4byte	.LASF18
 545 0237 01       		.byte	0x1
 546 0238 84       		.byte	0x84
 547 0239 8C000000 		.4byte	0x8c
 548 023d 10       		.uleb128 0x10
 549 023e 3A030000 		.4byte	.LASF19
 550 0242 01       		.byte	0x1
 551 0243 8C       		.byte	0x8c
 552 0244 8C000000 		.4byte	0x8c
 553 0248 10       		.uleb128 0x10
 554 0249 41010000 		.4byte	.LASF20
 555 024d 01       		.byte	0x1
 556 024e 93       		.byte	0x93
 557 024f 8C000000 		.4byte	0x8c
 558 0253 10       		.uleb128 0x10
 559 0254 F1020000 		.4byte	.LASF21
 560 0258 01       		.byte	0x1
ARM GAS  /tmp/ccH8Ne3q.s 			page 11


 561 0259 9A       		.byte	0x9a
 562 025a 8C000000 		.4byte	0x8c
 563 025e 10       		.uleb128 0x10
 564 025f 6B020000 		.4byte	.LASF22
 565 0263 01       		.byte	0x1
 566 0264 A0       		.byte	0xa0
 567 0265 8C000000 		.4byte	0x8c
 568 0269 10       		.uleb128 0x10
 569 026a DF020000 		.4byte	.LASF23
 570 026e 01       		.byte	0x1
 571 026f A6       		.byte	0xa6
 572 0270 8C000000 		.4byte	0x8c
 573 0274 10       		.uleb128 0x10
 574 0275 A0020000 		.4byte	.LASF24
 575 0279 01       		.byte	0x1
 576 027a AC       		.byte	0xac
 577 027b 8C000000 		.4byte	0x8c
 578 027f 10       		.uleb128 0x10
 579 0280 00000000 		.4byte	.LASF25
 580 0284 01       		.byte	0x1
 581 0285 B2       		.byte	0xb2
 582 0286 8C000000 		.4byte	0x8c
 583 028a 10       		.uleb128 0x10
 584 028b FB010000 		.4byte	.LASF26
 585 028f 01       		.byte	0x1
 586 0290 B8       		.byte	0xb8
 587 0291 8C000000 		.4byte	0x8c
 588 0295 10       		.uleb128 0x10
 589 0296 39020000 		.4byte	.LASF27
 590 029a 01       		.byte	0x1
 591 029b BE       		.byte	0xbe
 592 029c 97000000 		.4byte	0x97
 593 02a0 10       		.uleb128 0x10
 594 02a1 04020000 		.4byte	.LASF28
 595 02a5 01       		.byte	0x1
 596 02a6 C4       		.byte	0xc4
 597 02a7 97000000 		.4byte	0x97
 598 02ab 10       		.uleb128 0x10
 599 02ac E8010000 		.4byte	.LASF29
 600 02b0 01       		.byte	0x1
 601 02b1 CA       		.byte	0xca
 602 02b2 97000000 		.4byte	0x97
 603 02b6 10       		.uleb128 0x10
 604 02b7 15000000 		.4byte	.LASF30
 605 02bb 01       		.byte	0x1
 606 02bc D0       		.byte	0xd0
 607 02bd 97000000 		.4byte	0x97
 608 02c1 11       		.uleb128 0x11
 609 02c2 99020000 		.4byte	.LASF32
 610 02c6 DE020000 		.4byte	0x2de
 611 02ca DE020000 		.4byte	0x2de
 612 02ce 12       		.uleb128 0x12
 613 02cf DE020000 		.4byte	0x2de
 614 02d3 12       		.uleb128 0x12
 615 02d4 E0020000 		.4byte	0x2e0
 616 02d8 12       		.uleb128 0x12
 617 02d9 E7020000 		.4byte	0x2e7
ARM GAS  /tmp/ccH8Ne3q.s 			page 12


 618 02dd 00       		.byte	0
 619 02de 13       		.uleb128 0x13
 620 02df 04       		.byte	0x4
 621 02e0 05       		.uleb128 0x5
 622 02e1 04       		.byte	0x4
 623 02e2 E6020000 		.4byte	0x2e6
 624 02e6 14       		.uleb128 0x14
 625 02e7 02       		.uleb128 0x2
 626 02e8 04       		.byte	0x4
 627 02e9 07       		.byte	0x7
 628 02ea 82020000 		.4byte	.LASF31
 629 02ee 11       		.uleb128 0x11
 630 02ef 15020000 		.4byte	.LASF33
 631 02f3 DE020000 		.4byte	0x2de
 632 02f7 0B030000 		.4byte	0x30b
 633 02fb 12       		.uleb128 0x12
 634 02fc DE020000 		.4byte	0x2de
 635 0300 12       		.uleb128 0x12
 636 0301 73000000 		.4byte	0x73
 637 0305 12       		.uleb128 0x12
 638 0306 E7020000 		.4byte	0x2e7
 639 030a 00       		.byte	0
 640 030b 15       		.uleb128 0x15
 641 030c 27020000 		.4byte	.LASF38
 642 0310 01       		.byte	0x1
 643 0311 D7       		.byte	0xd7
 644 0312 00       		.byte	0
 645              		.section	.debug_abbrev,"",%progbits
 646              	.Ldebug_abbrev0:
 647 0000 01       		.uleb128 0x1
 648 0001 11       		.uleb128 0x11
 649 0002 01       		.byte	0x1
 650 0003 25       		.uleb128 0x25
 651 0004 0E       		.uleb128 0xe
 652 0005 13       		.uleb128 0x13
 653 0006 0B       		.uleb128 0xb
 654 0007 03       		.uleb128 0x3
 655 0008 0E       		.uleb128 0xe
 656 0009 1B       		.uleb128 0x1b
 657 000a 0E       		.uleb128 0xe
 658 000b 55       		.uleb128 0x55
 659 000c 17       		.uleb128 0x17
 660 000d 11       		.uleb128 0x11
 661 000e 01       		.uleb128 0x1
 662 000f 10       		.uleb128 0x10
 663 0010 17       		.uleb128 0x17
 664 0011 00       		.byte	0
 665 0012 00       		.byte	0
 666 0013 02       		.uleb128 0x2
 667 0014 24       		.uleb128 0x24
 668 0015 00       		.byte	0
 669 0016 0B       		.uleb128 0xb
 670 0017 0B       		.uleb128 0xb
 671 0018 3E       		.uleb128 0x3e
 672 0019 0B       		.uleb128 0xb
 673 001a 03       		.uleb128 0x3
 674 001b 0E       		.uleb128 0xe
ARM GAS  /tmp/ccH8Ne3q.s 			page 13


 675 001c 00       		.byte	0
 676 001d 00       		.byte	0
 677 001e 03       		.uleb128 0x3
 678 001f 16       		.uleb128 0x16
 679 0020 00       		.byte	0
 680 0021 03       		.uleb128 0x3
 681 0022 0E       		.uleb128 0xe
 682 0023 3A       		.uleb128 0x3a
 683 0024 0B       		.uleb128 0xb
 684 0025 3B       		.uleb128 0x3b
 685 0026 0B       		.uleb128 0xb
 686 0027 49       		.uleb128 0x49
 687 0028 13       		.uleb128 0x13
 688 0029 00       		.byte	0
 689 002a 00       		.byte	0
 690 002b 04       		.uleb128 0x4
 691 002c 24       		.uleb128 0x24
 692 002d 00       		.byte	0
 693 002e 0B       		.uleb128 0xb
 694 002f 0B       		.uleb128 0xb
 695 0030 3E       		.uleb128 0x3e
 696 0031 0B       		.uleb128 0xb
 697 0032 03       		.uleb128 0x3
 698 0033 08       		.uleb128 0x8
 699 0034 00       		.byte	0
 700 0035 00       		.byte	0
 701 0036 05       		.uleb128 0x5
 702 0037 0F       		.uleb128 0xf
 703 0038 00       		.byte	0
 704 0039 0B       		.uleb128 0xb
 705 003a 0B       		.uleb128 0xb
 706 003b 49       		.uleb128 0x49
 707 003c 13       		.uleb128 0x13
 708 003d 00       		.byte	0
 709 003e 00       		.byte	0
 710 003f 06       		.uleb128 0x6
 711 0040 15       		.uleb128 0x15
 712 0041 00       		.byte	0
 713 0042 27       		.uleb128 0x27
 714 0043 19       		.uleb128 0x19
 715 0044 00       		.byte	0
 716 0045 00       		.byte	0
 717 0046 07       		.uleb128 0x7
 718 0047 2E       		.uleb128 0x2e
 719 0048 00       		.byte	0
 720 0049 3F       		.uleb128 0x3f
 721 004a 19       		.uleb128 0x19
 722 004b 03       		.uleb128 0x3
 723 004c 0E       		.uleb128 0xe
 724 004d 3A       		.uleb128 0x3a
 725 004e 0B       		.uleb128 0xb
 726 004f 3B       		.uleb128 0x3b
 727 0050 0B       		.uleb128 0xb
 728 0051 27       		.uleb128 0x27
 729 0052 19       		.uleb128 0x19
 730 0053 11       		.uleb128 0x11
 731 0054 01       		.uleb128 0x1
ARM GAS  /tmp/ccH8Ne3q.s 			page 14


 732 0055 12       		.uleb128 0x12
 733 0056 06       		.uleb128 0x6
 734 0057 40       		.uleb128 0x40
 735 0058 18       		.uleb128 0x18
 736 0059 9742     		.uleb128 0x2117
 737 005b 19       		.uleb128 0x19
 738 005c 00       		.byte	0
 739 005d 00       		.byte	0
 740 005e 08       		.uleb128 0x8
 741 005f 2E       		.uleb128 0x2e
 742 0060 01       		.byte	0x1
 743 0061 3F       		.uleb128 0x3f
 744 0062 19       		.uleb128 0x19
 745 0063 03       		.uleb128 0x3
 746 0064 0E       		.uleb128 0xe
 747 0065 3A       		.uleb128 0x3a
 748 0066 0B       		.uleb128 0xb
 749 0067 3B       		.uleb128 0x3b
 750 0068 05       		.uleb128 0x5
 751 0069 27       		.uleb128 0x27
 752 006a 19       		.uleb128 0x19
 753 006b 11       		.uleb128 0x11
 754 006c 01       		.uleb128 0x1
 755 006d 12       		.uleb128 0x12
 756 006e 06       		.uleb128 0x6
 757 006f 40       		.uleb128 0x40
 758 0070 18       		.uleb128 0x18
 759 0071 9642     		.uleb128 0x2116
 760 0073 19       		.uleb128 0x19
 761 0074 01       		.uleb128 0x1
 762 0075 13       		.uleb128 0x13
 763 0076 00       		.byte	0
 764 0077 00       		.byte	0
 765 0078 09       		.uleb128 0x9
 766 0079 34       		.uleb128 0x34
 767 007a 00       		.byte	0
 768 007b 03       		.uleb128 0x3
 769 007c 08       		.uleb128 0x8
 770 007d 3A       		.uleb128 0x3a
 771 007e 0B       		.uleb128 0xb
 772 007f 3B       		.uleb128 0x3b
 773 0080 05       		.uleb128 0x5
 774 0081 49       		.uleb128 0x49
 775 0082 13       		.uleb128 0x13
 776 0083 00       		.byte	0
 777 0084 00       		.byte	0
 778 0085 0A       		.uleb128 0xa
 779 0086 34       		.uleb128 0x34
 780 0087 00       		.byte	0
 781 0088 03       		.uleb128 0x3
 782 0089 08       		.uleb128 0x8
 783 008a 3A       		.uleb128 0x3a
 784 008b 0B       		.uleb128 0xb
 785 008c 3B       		.uleb128 0x3b
 786 008d 05       		.uleb128 0x5
 787 008e 49       		.uleb128 0x49
 788 008f 13       		.uleb128 0x13
ARM GAS  /tmp/ccH8Ne3q.s 			page 15


 789 0090 02       		.uleb128 0x2
 790 0091 17       		.uleb128 0x17
 791 0092 00       		.byte	0
 792 0093 00       		.byte	0
 793 0094 0B       		.uleb128 0xb
 794 0095 0B       		.uleb128 0xb
 795 0096 01       		.byte	0x1
 796 0097 11       		.uleb128 0x11
 797 0098 01       		.uleb128 0x1
 798 0099 12       		.uleb128 0x12
 799 009a 06       		.uleb128 0x6
 800 009b 01       		.uleb128 0x1
 801 009c 13       		.uleb128 0x13
 802 009d 00       		.byte	0
 803 009e 00       		.byte	0
 804 009f 0C       		.uleb128 0xc
 805 00a0 0B       		.uleb128 0xb
 806 00a1 01       		.byte	0x1
 807 00a2 55       		.uleb128 0x55
 808 00a3 17       		.uleb128 0x17
 809 00a4 01       		.uleb128 0x1
 810 00a5 13       		.uleb128 0x13
 811 00a6 00       		.byte	0
 812 00a7 00       		.byte	0
 813 00a8 0D       		.uleb128 0xd
 814 00a9 898201   		.uleb128 0x4109
 815 00ac 00       		.byte	0
 816 00ad 11       		.uleb128 0x11
 817 00ae 01       		.uleb128 0x1
 818 00af 31       		.uleb128 0x31
 819 00b0 13       		.uleb128 0x13
 820 00b1 00       		.byte	0
 821 00b2 00       		.byte	0
 822 00b3 0E       		.uleb128 0xe
 823 00b4 898201   		.uleb128 0x4109
 824 00b7 01       		.byte	0x1
 825 00b8 11       		.uleb128 0x11
 826 00b9 01       		.uleb128 0x1
 827 00ba 31       		.uleb128 0x31
 828 00bb 13       		.uleb128 0x13
 829 00bc 01       		.uleb128 0x1
 830 00bd 13       		.uleb128 0x13
 831 00be 00       		.byte	0
 832 00bf 00       		.byte	0
 833 00c0 0F       		.uleb128 0xf
 834 00c1 8A8201   		.uleb128 0x410a
 835 00c4 00       		.byte	0
 836 00c5 02       		.uleb128 0x2
 837 00c6 18       		.uleb128 0x18
 838 00c7 9142     		.uleb128 0x2111
 839 00c9 18       		.uleb128 0x18
 840 00ca 00       		.byte	0
 841 00cb 00       		.byte	0
 842 00cc 10       		.uleb128 0x10
 843 00cd 34       		.uleb128 0x34
 844 00ce 00       		.byte	0
 845 00cf 03       		.uleb128 0x3
ARM GAS  /tmp/ccH8Ne3q.s 			page 16


 846 00d0 0E       		.uleb128 0xe
 847 00d1 3A       		.uleb128 0x3a
 848 00d2 0B       		.uleb128 0xb
 849 00d3 3B       		.uleb128 0x3b
 850 00d4 0B       		.uleb128 0xb
 851 00d5 49       		.uleb128 0x49
 852 00d6 13       		.uleb128 0x13
 853 00d7 3F       		.uleb128 0x3f
 854 00d8 19       		.uleb128 0x19
 855 00d9 3C       		.uleb128 0x3c
 856 00da 19       		.uleb128 0x19
 857 00db 00       		.byte	0
 858 00dc 00       		.byte	0
 859 00dd 11       		.uleb128 0x11
 860 00de 2E       		.uleb128 0x2e
 861 00df 01       		.byte	0x1
 862 00e0 3F       		.uleb128 0x3f
 863 00e1 19       		.uleb128 0x19
 864 00e2 03       		.uleb128 0x3
 865 00e3 0E       		.uleb128 0xe
 866 00e4 27       		.uleb128 0x27
 867 00e5 19       		.uleb128 0x19
 868 00e6 49       		.uleb128 0x49
 869 00e7 13       		.uleb128 0x13
 870 00e8 34       		.uleb128 0x34
 871 00e9 19       		.uleb128 0x19
 872 00ea 3C       		.uleb128 0x3c
 873 00eb 19       		.uleb128 0x19
 874 00ec 01       		.uleb128 0x1
 875 00ed 13       		.uleb128 0x13
 876 00ee 00       		.byte	0
 877 00ef 00       		.byte	0
 878 00f0 12       		.uleb128 0x12
 879 00f1 05       		.uleb128 0x5
 880 00f2 00       		.byte	0
 881 00f3 49       		.uleb128 0x49
 882 00f4 13       		.uleb128 0x13
 883 00f5 00       		.byte	0
 884 00f6 00       		.byte	0
 885 00f7 13       		.uleb128 0x13
 886 00f8 0F       		.uleb128 0xf
 887 00f9 00       		.byte	0
 888 00fa 0B       		.uleb128 0xb
 889 00fb 0B       		.uleb128 0xb
 890 00fc 00       		.byte	0
 891 00fd 00       		.byte	0
 892 00fe 14       		.uleb128 0x14
 893 00ff 26       		.uleb128 0x26
 894 0100 00       		.byte	0
 895 0101 00       		.byte	0
 896 0102 00       		.byte	0
 897 0103 15       		.uleb128 0x15
 898 0104 2E       		.uleb128 0x2e
 899 0105 00       		.byte	0
 900 0106 3F       		.uleb128 0x3f
 901 0107 19       		.uleb128 0x19
 902 0108 03       		.uleb128 0x3
ARM GAS  /tmp/ccH8Ne3q.s 			page 17


 903 0109 0E       		.uleb128 0xe
 904 010a 3A       		.uleb128 0x3a
 905 010b 0B       		.uleb128 0xb
 906 010c 3B       		.uleb128 0x3b
 907 010d 0B       		.uleb128 0xb
 908 010e 27       		.uleb128 0x27
 909 010f 19       		.uleb128 0x19
 910 0110 3C       		.uleb128 0x3c
 911 0111 19       		.uleb128 0x19
 912 0112 00       		.byte	0
 913 0113 00       		.byte	0
 914 0114 00       		.byte	0
 915              		.section	.debug_loc,"",%progbits
 916              	.Ldebug_loc0:
 917              	.LLST0:
 918 0000 18000000 		.4byte	.LVL1
 919 0004 26000000 		.4byte	.LVL2
 920 0008 0200     		.2byte	0x2
 921 000a 30       		.byte	0x30
 922 000b 9F       		.byte	0x9f
 923 000c 26000000 		.4byte	.LVL2
 924 0010 18010000 		.4byte	.LFE3
 925 0014 0200     		.2byte	0x2
 926 0016 36       		.byte	0x36
 927 0017 9F       		.byte	0x9f
 928 0018 00000000 		.4byte	0
 929 001c 00000000 		.4byte	0
 930              	.LLST1:
 931 0020 48000000 		.4byte	.LVL4
 932 0024 4C000000 		.4byte	.LVL5
 933 0028 0300     		.2byte	0x3
 934 002a 73       		.byte	0x73
 935 002b 08       		.sleb128 8
 936 002c 9F       		.byte	0x9f
 937 002d 4C000000 		.4byte	.LVL5
 938 0031 50000000 		.4byte	.LVL6
 939 0035 0300     		.2byte	0x3
 940 0037 73       		.byte	0x73
 941 0038 04       		.sleb128 4
 942 0039 9F       		.byte	0x9f
 943 003a 00000000 		.4byte	0
 944 003e 00000000 		.4byte	0
 945              	.LLST2:
 946 0042 68000000 		.4byte	.LVL7
 947 0046 6C000000 		.4byte	.LVL8
 948 004a 0300     		.2byte	0x3
 949 004c 73       		.byte	0x73
 950 004d 08       		.sleb128 8
 951 004e 9F       		.byte	0x9f
 952 004f 6C000000 		.4byte	.LVL8
 953 0053 70000000 		.4byte	.LVL9
 954 0057 0300     		.2byte	0x3
 955 0059 73       		.byte	0x73
 956 005a 04       		.sleb128 4
 957 005b 9F       		.byte	0x9f
 958 005c 00000000 		.4byte	0
 959 0060 00000000 		.4byte	0
ARM GAS  /tmp/ccH8Ne3q.s 			page 18


 960              	.LLST3:
 961 0064 B0000000 		.4byte	.LVL14
 962 0068 B4000000 		.4byte	.LVL15
 963 006c 0100     		.2byte	0x1
 964 006e 54       		.byte	0x54
 965 006f B4000000 		.4byte	.LVL15
 966 0073 B6000000 		.4byte	.LVL16
 967 0077 0300     		.2byte	0x3
 968 0079 74       		.byte	0x74
 969 007a 7C       		.sleb128 -4
 970 007b 9F       		.byte	0x9f
 971 007c B6000000 		.4byte	.LVL16
 972 0080 BA000000 		.4byte	.LVL17
 973 0084 0100     		.2byte	0x1
 974 0086 54       		.byte	0x54
 975 0087 00000000 		.4byte	0
 976 008b 00000000 		.4byte	0
 977              	.LLST4:
 978 008f C6000000 		.4byte	.LVL19
 979 0093 CA000000 		.4byte	.LVL20
 980 0097 0100     		.2byte	0x1
 981 0099 54       		.byte	0x54
 982 009a CA000000 		.4byte	.LVL20
 983 009e CC000000 		.4byte	.LVL21
 984 00a2 0300     		.2byte	0x3
 985 00a4 74       		.byte	0x74
 986 00a5 7C       		.sleb128 -4
 987 00a6 9F       		.byte	0x9f
 988 00a7 CC000000 		.4byte	.LVL21
 989 00ab D0000000 		.4byte	.LVL22
 990 00af 0100     		.2byte	0x1
 991 00b1 54       		.byte	0x54
 992 00b2 00000000 		.4byte	0
 993 00b6 00000000 		.4byte	0
 994              		.section	.debug_aranges,"",%progbits
 995 0000 34000000 		.4byte	0x34
 996 0004 0200     		.2byte	0x2
 997 0006 00000000 		.4byte	.Ldebug_info0
 998 000a 04       		.byte	0x4
 999 000b 00       		.byte	0
 1000 000c 0000     		.2byte	0
 1001 000e 0000     		.2byte	0
 1002 0010 00000000 		.4byte	.LFB0
 1003 0014 02000000 		.4byte	.LFE0-.LFB0
 1004 0018 00000000 		.4byte	.LFB1
 1005 001c 02000000 		.4byte	.LFE1-.LFB1
 1006 0020 00000000 		.4byte	.LFB2
 1007 0024 02000000 		.4byte	.LFE2-.LFB2
 1008 0028 00000000 		.4byte	.LFB3
 1009 002c 18010000 		.4byte	.LFE3-.LFB3
 1010 0030 00000000 		.4byte	0
 1011 0034 00000000 		.4byte	0
 1012              		.section	.debug_ranges,"",%progbits
 1013              	.Ldebug_ranges0:
 1014 0000 A4000000 		.4byte	.LBB6
 1015 0004 A8000000 		.4byte	.LBE6
 1016 0008 AC000000 		.4byte	.LBB7
ARM GAS  /tmp/ccH8Ne3q.s 			page 19


 1017 000c BA000000 		.4byte	.LBE7
 1018 0010 00000000 		.4byte	0
 1019 0014 00000000 		.4byte	0
 1020 0018 BA000000 		.4byte	.LBB8
 1021 001c BE000000 		.4byte	.LBE8
 1022 0020 C2000000 		.4byte	.LBB9
 1023 0024 D0000000 		.4byte	.LBE9
 1024 0028 00000000 		.4byte	0
 1025 002c 00000000 		.4byte	0
 1026 0030 00000000 		.4byte	.LFB0
 1027 0034 02000000 		.4byte	.LFE0
 1028 0038 00000000 		.4byte	.LFB1
 1029 003c 02000000 		.4byte	.LFE1
 1030 0040 00000000 		.4byte	.LFB2
 1031 0044 02000000 		.4byte	.LFE2
 1032 0048 00000000 		.4byte	.LFB3
 1033 004c 18010000 		.4byte	.LFE3
 1034 0050 00000000 		.4byte	0
 1035 0054 00000000 		.4byte	0
 1036              		.section	.debug_line,"",%progbits
 1037              	.Ldebug_line0:
 1038 0000 95010000 		.section	.debug_str,"MS",%progbits,1
 1038      02001901 
 1038      00000201 
 1038      FB0E0D00 
 1038      01010101 
 1039              	.LASF25:
 1040 0000 5F627373 		.ascii	"_bss_start\000"
 1040      5F737461 
 1040      727400
 1041              	.LASF5:
 1042 000b 5F5F7569 		.ascii	"__uint8_t\000"
 1042      6E74385F 
 1042      7400
 1043              	.LASF30:
 1044 0015 5F5F6669 		.ascii	"__fini_array_end\000"
 1044      6E695F61 
 1044      72726179 
 1044      5F656E64 
 1044      00
 1045              	.LASF34:
 1046 0026 474E5520 		.ascii	"GNU C 4.8.3 20140228 (release) [ARM/embedded-4_8-br"
 1046      4320342E 
 1046      382E3320 
 1046      32303134 
 1046      30323238 
 1047 0059 616E6368 		.ascii	"anch revision 208322] -mcpu=cortex-m4 -mfloat-abi=s"
 1047      20726576 
 1047      6973696F 
 1047      6E203230 
 1047      38333232 
 1048 008c 6F667466 		.ascii	"oftfp -mfpu=fpv4-sp-d16 -mno-thumb-interwork -mthum"
 1048      70202D6D 
 1048      6670753D 
 1048      66707634 
 1048      2D73702D 
 1049 00bf 62202D67 		.ascii	"b -ggdb -O3 -fomit-frame-pointer -falign-functions="
ARM GAS  /tmp/ccH8Ne3q.s 			page 20


 1049      67646220 
 1049      2D4F3320 
 1049      2D666F6D 
 1049      69742D66 
 1050 00f2 3136202D 		.ascii	"16 -fsingle-precision-constant -ffunction-sections "
 1050      6673696E 
 1050      676C652D 
 1050      70726563 
 1050      6973696F 
 1051 0125 2D666461 		.ascii	"-fdata-sections -fno-common\000"
 1051      74612D73 
 1051      65637469 
 1051      6F6E7320 
 1051      2D666E6F 
 1052              	.LASF20:
 1053 0141 5F5F7072 		.ascii	"__process_stack_base__\000"
 1053      6F636573 
 1053      735F7374 
 1053      61636B5F 
 1053      62617365 
 1054              	.LASF36:
 1055 0158 2F686F6D 		.ascii	"/home/master/workspace/stm32f429-freertos800\000"
 1055      652F6D61 
 1055      73746572 
 1055      2F776F72 
 1055      6B737061 
 1056              	.LASF14:
 1057 0185 66756E63 		.ascii	"funcpp_t\000"
 1057      70705F74 
 1057      00
 1058              	.LASF17:
 1059 018e 5F646566 		.ascii	"_default_exit\000"
 1059      61756C74 
 1059      5F657869 
 1059      7400
 1060              	.LASF1:
 1061 019c 756E7369 		.ascii	"unsigned char\000"
 1061      676E6564 
 1061      20636861 
 1061      7200
 1062              	.LASF16:
 1063 01aa 5F5F6C61 		.ascii	"__late_init\000"
 1063      74655F69 
 1063      6E697400 
 1064              	.LASF7:
 1065 01b6 6C6F6E67 		.ascii	"long unsigned int\000"
 1065      20756E73 
 1065      69676E65 
 1065      6420696E 
 1065      7400
 1066              	.LASF37:
 1067 01c8 52657365 		.ascii	"ResetHandler\000"
 1067      7448616E 
 1067      646C6572 
 1067      00
 1068              	.LASF3:
 1069 01d5 73686F72 		.ascii	"short unsigned int\000"
ARM GAS  /tmp/ccH8Ne3q.s 			page 21


 1069      7420756E 
 1069      7369676E 
 1069      65642069 
 1069      6E7400
 1070              	.LASF29:
 1071 01e8 5F5F6669 		.ascii	"__fini_array_start\000"
 1071      6E695F61 
 1071      72726179 
 1071      5F737461 
 1071      727400
 1072              	.LASF26:
 1073 01fb 5F627373 		.ascii	"_bss_end\000"
 1073      5F656E64 
 1073      00
 1074              	.LASF28:
 1075 0204 5F5F696E 		.ascii	"__init_array_end\000"
 1075      69745F61 
 1075      72726179 
 1075      5F656E64 
 1075      00
 1076              	.LASF33:
 1077 0215 6D656D73 		.ascii	"memset\000"
 1077      657400
 1078              	.LASF6:
 1079 021c 5F5F7569 		.ascii	"__uint32_t\000"
 1079      6E743332 
 1079      5F7400
 1080              	.LASF38:
 1081 0227 6D61696E 		.ascii	"main\000"
 1081      00
 1082              	.LASF10:
 1083 022c 756E7369 		.ascii	"unsigned int\000"
 1083      676E6564 
 1083      20696E74 
 1083      00
 1084              	.LASF27:
 1085 0239 5F5F696E 		.ascii	"__init_array_start\000"
 1085      69745F61 
 1085      72726179 
 1085      5F737461 
 1085      727400
 1086              	.LASF9:
 1087 024c 6C6F6E67 		.ascii	"long long unsigned int\000"
 1087      206C6F6E 
 1087      6720756E 
 1087      7369676E 
 1087      65642069 
 1088              	.LASF11:
 1089 0263 75696E74 		.ascii	"uint8_t\000"
 1089      385F7400 
 1090              	.LASF22:
 1091 026b 5F746578 		.ascii	"_textdata\000"
 1091      74646174 
 1091      6100
 1092              	.LASF15:
 1093 0275 5F5F6561 		.ascii	"__early_init\000"
 1093      726C795F 
ARM GAS  /tmp/ccH8Ne3q.s 			page 22


 1093      696E6974 
 1093      00
 1094              	.LASF31:
 1095 0282 73697A65 		.ascii	"sizetype\000"
 1095      74797065 
 1095      00
 1096              	.LASF8:
 1097 028b 6C6F6E67 		.ascii	"long long int\000"
 1097      206C6F6E 
 1097      6720696E 
 1097      7400
 1098              	.LASF32:
 1099 0299 6D656D63 		.ascii	"memcpy\000"
 1099      707900
 1100              	.LASF24:
 1101 02a0 5F656461 		.ascii	"_edata\000"
 1101      746100
 1102              	.LASF18:
 1103 02a7 5F5F6D61 		.ascii	"__main_stack_base__\000"
 1103      696E5F73 
 1103      7461636B 
 1103      5F626173 
 1103      655F5F00 
 1104              	.LASF2:
 1105 02bb 73686F72 		.ascii	"short int\000"
 1105      7420696E 
 1105      7400
 1106              	.LASF13:
 1107 02c5 66756E63 		.ascii	"funcp_t\000"
 1107      705F7400 
 1108              	.LASF12:
 1109 02cd 75696E74 		.ascii	"uint32_t\000"
 1109      33325F74 
 1109      00
 1110              	.LASF4:
 1111 02d6 6C6F6E67 		.ascii	"long int\000"
 1111      20696E74 
 1111      00
 1112              	.LASF23:
 1113 02df 5F646174 		.ascii	"_data\000"
 1113      6100
 1114              	.LASF0:
 1115 02e5 7369676E 		.ascii	"signed char\000"
 1115      65642063 
 1115      68617200 
 1116              	.LASF21:
 1117 02f1 5F5F7072 		.ascii	"__process_stack_end__\000"
 1117      6F636573 
 1117      735F7374 
 1117      61636B5F 
 1117      656E645F 
 1118              	.LASF35:
 1119 0307 2E2E2F43 		.ascii	"../ChibiOS-RT-Community/os/ports/GCC/ARMCMx/crt0.c\000"
 1119      68696269 
 1119      4F532D52 
 1119      542D436F 
 1119      6D6D756E 
ARM GAS  /tmp/ccH8Ne3q.s 			page 23


 1120              	.LASF19:
 1121 033a 5F5F6D61 		.ascii	"__main_stack_end__\000"
 1121      696E5F73 
 1121      7461636B 
 1121      5F656E64 
 1121      5F5F00
 1122              		.ident	"GCC: (GNU Tools for ARM Embedded Processors) 4.8.3 20140228 (release) [ARM/embedded-4_8-br
ARM GAS  /tmp/ccH8Ne3q.s 			page 24


DEFINED SYMBOLS
                            *ABS*:00000000 crt0.c
     /tmp/ccH8Ne3q.s:20     .text.__early_init:00000000 $t
     /tmp/ccH8Ne3q.s:26     .text.__early_init:00000000 __early_init
     /tmp/ccH8Ne3q.s:39     .text.__late_init:00000000 $t
     /tmp/ccH8Ne3q.s:45     .text.__late_init:00000000 __late_init
     /tmp/ccH8Ne3q.s:57     .text._default_exit:00000000 $t
     /tmp/ccH8Ne3q.s:63     .text._default_exit:00000000 _default_exit
     /tmp/ccH8Ne3q.s:76     .text.ResetHandler:00000000 $t
     /tmp/ccH8Ne3q.s:82     .text.ResetHandler:00000000 ResetHandler
     /tmp/ccH8Ne3q.s:273    .text.ResetHandler:000000d4 $d
                     .debug_frame:00000010 $d
     /tmp/ccH8Ne3q.s:293    .text.ResetHandler:00000118 $t

UNDEFINED SYMBOLS
memcpy
memset
main
__process_stack_end__
__main_stack_base__
__main_stack_end__
__process_stack_base__
_data
_edata
_textdata
_bss_start
_bss_end
__init_array_end
__init_array_start
__fini_array_end
__fini_array_start
